<?xml version="1.0" encoding="UTF-8"?>
<!-- Generated by org.testng.reporters.JUnitReportReporter -->
<testsuite hostname="EPBYMINW1873" name="CalculatorDivTestDouble" tests="4" failures="0" timestamp="20 Dec 2017 07:37:52 GMT" time="0.001" errors="0">
  <testcase name="DivisionVerivfication" time="0.000" classname="CalculatorDivTestDouble"/>
  <testcase name="DivisionVerivfication" time="0.000" classname="CalculatorDivTestDouble"/>
  <testcase name="DivisionVerivfication" time="0.000" classname="CalculatorDivTestDouble"/>
  <testcase name="DivisionVerivfication" time="0.001" classname="CalculatorDivTestDouble"/>
</testsuite> <!-- CalculatorDivTestDouble -->
