<?xml version="1.0" encoding="UTF-8"?>
<!-- Generated by org.testng.reporters.JUnitReportReporter -->
<testsuite hostname="EPBYMINW1873" name="CalculatorDivTest" tests="5" failures="0" timestamp="20 Dec 2017 07:37:52 GMT" time="0.005" errors="0">
  <testcase name="DivisionVerivfication" time="0.000" classname="CalculatorDivTest"/>
  <testcase name="DivisionVerivfication" time="0.000" classname="CalculatorDivTest"/>
  <testcase name="DivisionVerivfication" time="0.000" classname="CalculatorDivTest"/>
  <testcase name="DivisionByZeroVerivfication" time="0.005" classname="CalculatorDivTest"/>
  <testcase name="DivisionVerivfication" time="0.000" classname="CalculatorDivTest"/>
</testsuite> <!-- CalculatorDivTest -->
