<?xml version="1.0" encoding="UTF-8"?>
<!-- Generated by org.testng.reporters.JUnitReportReporter -->
<testsuite hostname="EPBYMINW1873" name="CalculatorSumTest" tests="3" failures="0" timestamp="20 Dec 2017 07:37:52 GMT" time="0.004" errors="0">
  <testcase name="SummaryVerivfication" time="0.004" classname="CalculatorSumTest"/>
  <testcase name="SummaryVerivfication" time="0.000" classname="CalculatorSumTest"/>
  <testcase name="SummaryVerivfication" time="0.000" classname="CalculatorSumTest"/>
</testsuite> <!-- CalculatorSumTest -->
