<?xml version="1.0" encoding="UTF-8"?>
<!-- Generated by org.testng.reporters.JUnitReportReporter -->
<testsuite hostname="EPBYMINW1873" name="CalculatorSumTestDouble" tests="3" failures="0" timestamp="20 Dec 2017 07:37:52 GMT" time="0.003" errors="0">
  <testcase name="SummaryVerivfication" time="0.000" classname="CalculatorSumTestDouble"/>
  <testcase name="SummaryVerivfication" time="0.003" classname="CalculatorSumTestDouble"/>
  <testcase name="SummaryVerivfication" time="0.000" classname="CalculatorSumTestDouble"/>
</testsuite> <!-- CalculatorSumTestDouble -->
