<?xml version="1.0" encoding="UTF-8"?>
<!-- Generated by org.testng.reporters.JUnitReportReporter -->
<testsuite hostname="EPBYMINW1873" name="CalculatorMultTest" tests="5" failures="0" timestamp="20 Dec 2017 07:37:52 GMT" time="0.000" errors="0">
  <testcase name="MultiplyVerivfication" time="0.000" classname="CalculatorMultTest"/>
  <testcase name="MultiplyVerivfication" time="0.000" classname="CalculatorMultTest"/>
  <testcase name="MultiplyVerivfication" time="0.000" classname="CalculatorMultTest"/>
  <testcase name="MultiplyVerivfication" time="0.000" classname="CalculatorMultTest"/>
  <testcase name="MultiplyVerivfication" time="0.000" classname="CalculatorMultTest"/>
</testsuite> <!-- CalculatorMultTest -->
